Performing C SOURCE FILE Test CMAKE_HAVE_LIBC_PTHREAD failed with the following output:
Change Dir: /home/zqw/zqw_note/C++/CMakeLists_Project/build/CMakeFiles/CMakeTmp

Run Build Command(s):/usr/local/bin/make cmTC_668cf/fast && /usr/local/bin/make -f CMakeFiles/cmTC_668cf.dir/build.make CMakeFiles/cmTC_668cf.dir/build
make[1]: Entering directory '/home/zqw/zqw_note/C++/CMakeLists_Project/build/CMakeFiles/CMakeTmp'
Building C object CMakeFiles/cmTC_668cf.dir/src.c.o
/usr/bin/cc   -DCMAKE_HAVE_LIBC_PTHREAD   -o CMakeFiles/cmTC_668cf.dir/src.c.o   -c /home/zqw/zqw_note/C++/CMakeLists_Project/build/CMakeFiles/CMakeTmp/src.c
Linking C executable cmTC_668cf
/home/zqw/Desktop/QNX_sdp/QNX/PIE_ENV/cmake/cmake-3.17.0-Linux-x86_64/bin/cmake -E cmake_link_script CMakeFiles/cmTC_668cf.dir/link.txt --verbose=1
/usr/bin/cc  -DCMAKE_HAVE_LIBC_PTHREAD    CMakeFiles/cmTC_668cf.dir/src.c.o  -o cmTC_668cf 
CMakeFiles/cmTC_668cf.dir/src.c.o: In function `main':
src.c:(.text+0x3e): undefined reference to `pthread_create'
src.c:(.text+0x4a): undefined reference to `pthread_detach'
src.c:(.text+0x56): undefined reference to `pthread_cancel'
src.c:(.text+0x67): undefined reference to `pthread_join'
src.c:(.text+0x7b): undefined reference to `pthread_atfork'
collect2: error: ld returned 1 exit status
make[1]: *** [CMakeFiles/cmTC_668cf.dir/build.make:104: cmTC_668cf] Error 1
make[1]: Leaving directory '/home/zqw/zqw_note/C++/CMakeLists_Project/build/CMakeFiles/CMakeTmp'
make: *** [Makefile:138: cmTC_668cf/fast] Error 2


Source file was:
#include <pthread.h>

void* test_func(void* data)
{
  return data;
}

int main(void)
{
  pthread_t thread;
  pthread_create(&thread, NULL, test_func, NULL);
  pthread_detach(thread);
  pthread_cancel(thread);
  pthread_join(thread, NULL);
  pthread_atfork(NULL, NULL, NULL);
  pthread_exit(NULL);

  return 0;
}

Determining if the function pthread_create exists in the pthreads failed with the following output:
Change Dir: /home/zqw/zqw_note/C++/CMakeLists_Project/build/CMakeFiles/CMakeTmp

Run Build Command(s):/usr/local/bin/make cmTC_ac2c3/fast && /usr/local/bin/make -f CMakeFiles/cmTC_ac2c3.dir/build.make CMakeFiles/cmTC_ac2c3.dir/build
make[1]: Entering directory '/home/zqw/zqw_note/C++/CMakeLists_Project/build/CMakeFiles/CMakeTmp'
Building C object CMakeFiles/cmTC_ac2c3.dir/CheckFunctionExists.c.o
/usr/bin/cc   -DCHECK_FUNCTION_EXISTS=pthread_create   -o CMakeFiles/cmTC_ac2c3.dir/CheckFunctionExists.c.o   -c /home/zqw/Desktop/QNX_sdp/QNX/PIE_ENV/cmake/cmake-3.17.0-Linux-x86_64/share/cmake-3.17/Modules/CheckFunctionExists.c
Linking C executable cmTC_ac2c3
/home/zqw/Desktop/QNX_sdp/QNX/PIE_ENV/cmake/cmake-3.17.0-Linux-x86_64/bin/cmake -E cmake_link_script CMakeFiles/cmTC_ac2c3.dir/link.txt --verbose=1
/usr/bin/cc  -DCHECK_FUNCTION_EXISTS=pthread_create    CMakeFiles/cmTC_ac2c3.dir/CheckFunctionExists.c.o  -o cmTC_ac2c3  -lpthreads 
/usr/bin/ld: cannot find -lpthreads
collect2: error: ld returned 1 exit status
make[1]: *** [CMakeFiles/cmTC_ac2c3.dir/build.make:104: cmTC_ac2c3] Error 1
make[1]: Leaving directory '/home/zqw/zqw_note/C++/CMakeLists_Project/build/CMakeFiles/CMakeTmp'
make: *** [Makefile:138: cmTC_ac2c3/fast] Error 2



